0 info it worked if it ends with ok
1 verbose cli [ 'C:\\Program Files\\nodejs\\node.exe',
1 verbose cli   'C:\\Program Files\\nodejs\\node_modules\\npm\\bin\\npm-cli.js',
1 verbose cli   'install',
1 verbose cli   '--save-dev',
1 verbose cli   'gulp-uglify' ]
2 info using npm@3.10.10
3 info using node@v6.10.0
4 silly loadCurrentTree Starting
5 silly install loadCurrentTree
6 silly install readLocalPackageData
7 silly fetchPackageMetaData gulp-uglify
8 silly fetchNamedPackageData gulp-uglify
9 silly mapToRegistry name gulp-uglify
10 silly mapToRegistry using default registry
11 silly mapToRegistry registry https://registry.npmjs.org/
12 silly mapToRegistry data Result {
12 silly mapToRegistry   raw: 'gulp-uglify',
12 silly mapToRegistry   scope: null,
12 silly mapToRegistry   escapedName: 'gulp-uglify',
12 silly mapToRegistry   name: 'gulp-uglify',
12 silly mapToRegistry   rawSpec: '',
12 silly mapToRegistry   spec: 'latest',
12 silly mapToRegistry   type: 'tag' }
13 silly mapToRegistry uri https://registry.npmjs.org/gulp-uglify
14 verbose request uri https://registry.npmjs.org/gulp-uglify
15 verbose request no auth needed
16 info attempt registry request try #1 at 17:42:26
17 verbose request id 593a8e891beb1e50
18 verbose etag W/"59f90a40-e323"
19 verbose lastModified Tue, 31 Oct 2017 23:41:52 GMT
20 http request GET https://registry.npmjs.org/gulp-uglify
21 http 304 https://registry.npmjs.org/gulp-uglify
22 verbose headers { date: 'Tue, 14 Nov 2017 09:42:27 GMT',
22 verbose headers   via: '1.1 varnish',
22 verbose headers   'cache-control': 'max-age=300',
22 verbose headers   etag: 'W/"59f90a40-e323"',
22 verbose headers   age: '213',
22 verbose headers   connection: 'keep-alive',
22 verbose headers   'x-served-by': 'cache-nrt6148-NRT',
22 verbose headers   'x-cache': 'HIT',
22 verbose headers   'x-cache-hits': '2',
22 verbose headers   'x-timer': 'S1510652548.972428,VS0,VE0',
22 verbose headers   vary: 'Accept-Encoding, Accept' }
23 silly get cb [ 304,
23 silly get   { date: 'Tue, 14 Nov 2017 09:42:27 GMT',
23 silly get     via: '1.1 varnish',
23 silly get     'cache-control': 'max-age=300',
23 silly get     etag: 'W/"59f90a40-e323"',
23 silly get     age: '213',
23 silly get     connection: 'keep-alive',
23 silly get     'x-served-by': 'cache-nrt6148-NRT',
23 silly get     'x-cache': 'HIT',
23 silly get     'x-cache-hits': '2',
23 silly get     'x-timer': 'S1510652548.972428,VS0,VE0',
23 silly get     vary: 'Accept-Encoding, Accept' } ]
24 verbose etag https://registry.npmjs.org/gulp-uglify from cache
25 verbose get saving gulp-uglify to C:\Users\Administrator.PC-20160724FCXS\AppData\Roaming\npm-cache\registry.npmjs.org\gulp-uglify\.cache.json
26 verbose correctMkdir C:\Users\Administrator.PC-20160724FCXS\AppData\Roaming\npm-cache correctMkdir not in flight; initializing
27 silly install normalizeTree
28 silly loadCurrentTree Finishing
29 silly loadIdealTree Starting
30 silly install loadIdealTree
31 silly cloneCurrentTree Starting
32 silly install cloneCurrentTreeToIdealTree
33 silly cloneCurrentTree Finishing
34 silly loadShrinkwrap Starting
35 silly install loadShrinkwrap
36 silly loadShrinkwrap Finishing
37 silly loadAllDepsIntoIdealTree Starting
38 silly install loadAllDepsIntoIdealTree
39 silly resolveWithNewModule gulp-uglify@3.0.0 checking installable status
40 silly cache add args [ 'gulp-uglify', null ]
41 verbose cache add spec gulp-uglify
42 silly cache add parsed spec Result {
42 silly cache add   raw: 'gulp-uglify',
42 silly cache add   scope: null,
42 silly cache add   escapedName: 'gulp-uglify',
42 silly cache add   name: 'gulp-uglify',
42 silly cache add   rawSpec: '',
42 silly cache add   spec: 'latest',
42 silly cache add   type: 'tag' }
43 silly addNamed gulp-uglify@latest
44 verbose addNamed "latest" is being treated as a dist-tag for gulp-uglify
45 info addNameTag [ 'gulp-uglify', 'latest' ]
46 silly mapToRegistry name gulp-uglify
47 silly mapToRegistry using default registry
48 silly mapToRegistry registry https://registry.npmjs.org/
49 silly mapToRegistry data Result {
49 silly mapToRegistry   raw: 'gulp-uglify',
49 silly mapToRegistry   scope: null,
49 silly mapToRegistry   escapedName: 'gulp-uglify',
49 silly mapToRegistry   name: 'gulp-uglify',
49 silly mapToRegistry   rawSpec: '',
49 silly mapToRegistry   spec: 'latest',
49 silly mapToRegistry   type: 'tag' }
50 silly mapToRegistry uri https://registry.npmjs.org/gulp-uglify
51 verbose addNameTag registry:https://registry.npmjs.org/gulp-uglify not in flight; fetching
52 verbose get https://registry.npmjs.org/gulp-uglify not expired, no request
53 silly addNameTag next cb for gulp-uglify with tag latest
54 silly addNamed gulp-uglify@3.0.0
55 verbose addNamed "3.0.0" is a plain semver version for gulp-uglify
56 silly cache afterAdd gulp-uglify@3.0.0
57 verbose afterAdd C:\Users\Administrator.PC-20160724FCXS\AppData\Roaming\npm-cache\gulp-uglify\3.0.0\package\package.json not in flight; writing
58 verbose correctMkdir C:\Users\Administrator.PC-20160724FCXS\AppData\Roaming\npm-cache correctMkdir not in flight; initializing
59 verbose afterAdd C:\Users\Administrator.PC-20160724FCXS\AppData\Roaming\npm-cache\gulp-uglify\3.0.0\package\package.json written
60 silly fetchNamedPackageData lodash
61 silly mapToRegistry name lodash
62 silly mapToRegistry using default registry
63 silly mapToRegistry registry https://registry.npmjs.org/
64 silly mapToRegistry data Result {
64 silly mapToRegistry   raw: 'lodash',
64 silly mapToRegistry   scope: null,
64 silly mapToRegistry   escapedName: 'lodash',
64 silly mapToRegistry   name: 'lodash',
64 silly mapToRegistry   rawSpec: '',
64 silly mapToRegistry   spec: 'latest',
64 silly mapToRegistry   type: 'tag' }
65 silly mapToRegistry uri https://registry.npmjs.org/lodash
66 silly fetchNamedPackageData make-error-cause
67 silly mapToRegistry name make-error-cause
68 silly mapToRegistry using default registry
69 silly mapToRegistry registry https://registry.npmjs.org/
70 silly mapToRegistry data Result {
70 silly mapToRegistry   raw: 'make-error-cause',
70 silly mapToRegistry   scope: null,
70 silly mapToRegistry   escapedName: 'make-error-cause',
70 silly mapToRegistry   name: 'make-error-cause',
70 silly mapToRegistry   rawSpec: '',
70 silly mapToRegistry   spec: 'latest',
70 silly mapToRegistry   type: 'tag' }
71 silly mapToRegistry uri https://registry.npmjs.org/make-error-cause
72 silly fetchNamedPackageData uglify-js
73 silly mapToRegistry name uglify-js
74 silly mapToRegistry using default registry
75 silly mapToRegistry registry https://registry.npmjs.org/
76 silly mapToRegistry data Result {
76 silly mapToRegistry   raw: 'uglify-js',
76 silly mapToRegistry   scope: null,
76 silly mapToRegistry   escapedName: 'uglify-js',
76 silly mapToRegistry   name: 'uglify-js',
76 silly mapToRegistry   rawSpec: '',
76 silly mapToRegistry   spec: 'latest',
76 silly mapToRegistry   type: 'tag' }
77 silly mapToRegistry uri https://registry.npmjs.org/uglify-js
78 verbose request uri https://registry.npmjs.org/uglify-js
79 verbose request no auth needed
80 info attempt registry request try #1 at 17:42:28
81 http request GET https://registry.npmjs.org/uglify-js
82 verbose request uri https://registry.npmjs.org/lodash
83 verbose request no auth needed
84 info attempt registry request try #1 at 17:42:28
85 verbose etag W/"5a0a9d83-2a414"
86 verbose lastModified Tue, 14 Nov 2017 07:38:43 GMT
87 http request GET https://registry.npmjs.org/lodash
88 verbose request uri https://registry.npmjs.org/make-error-cause
89 verbose request no auth needed
90 info attempt registry request try #1 at 17:42:28
91 verbose etag W/"580685cb-4404"
92 verbose lastModified Tue, 18 Oct 2016 20:27:55 GMT
93 http request GET https://registry.npmjs.org/make-error-cause
94 http 304 https://registry.npmjs.org/make-error-cause
95 verbose headers { date: 'Tue, 14 Nov 2017 09:42:29 GMT',
95 verbose headers   via: '1.1 varnish',
95 verbose headers   'cache-control': 'max-age=300',
95 verbose headers   etag: 'W/"580685cb-4404"',
95 verbose headers   age: '84',
95 verbose headers   connection: 'keep-alive',
95 verbose headers   'x-served-by': 'cache-nrt6134-NRT',
95 verbose headers   'x-cache': 'HIT',
95 verbose headers   'x-cache-hits': '2',
95 verbose headers   'x-timer': 'S1510652549.143140,VS0,VE0',
95 verbose headers   vary: 'Accept-Encoding, Accept' }
96 silly get cb [ 304,
96 silly get   { date: 'Tue, 14 Nov 2017 09:42:29 GMT',
96 silly get     via: '1.1 varnish',
96 silly get     'cache-control': 'max-age=300',
96 silly get     etag: 'W/"580685cb-4404"',
96 silly get     age: '84',
96 silly get     connection: 'keep-alive',
96 silly get     'x-served-by': 'cache-nrt6134-NRT',
96 silly get     'x-cache': 'HIT',
96 silly get     'x-cache-hits': '2',
96 silly get     'x-timer': 'S1510652549.143140,VS0,VE0',
96 silly get     vary: 'Accept-Encoding, Accept' } ]
97 verbose etag https://registry.npmjs.org/make-error-cause from cache
98 verbose get saving make-error-cause to C:\Users\Administrator.PC-20160724FCXS\AppData\Roaming\npm-cache\registry.npmjs.org\make-error-cause\.cache.json
99 verbose correctMkdir C:\Users\Administrator.PC-20160724FCXS\AppData\Roaming\npm-cache correctMkdir not in flight; initializing
100 silly resolveWithNewModule make-error-cause@1.2.2 checking installable status
101 silly cache add args [ 'make-error-cause@^1.1.1', null ]
102 verbose cache add spec make-error-cause@^1.1.1
103 silly cache add parsed spec Result {
103 silly cache add   raw: 'make-error-cause@^1.1.1',
103 silly cache add   scope: null,
103 silly cache add   escapedName: 'make-error-cause',
103 silly cache add   name: 'make-error-cause',
103 silly cache add   rawSpec: '^1.1.1',
103 silly cache add   spec: '>=1.1.1 <2.0.0',
103 silly cache add   type: 'range' }
104 silly addNamed make-error-cause@>=1.1.1 <2.0.0
105 verbose addNamed ">=1.1.1 <2.0.0" is a valid semver range for make-error-cause
106 silly addNameRange { name: 'make-error-cause',
106 silly addNameRange   range: '>=1.1.1 <2.0.0',
106 silly addNameRange   hasData: false }
107 silly mapToRegistry name make-error-cause
108 silly mapToRegistry using default registry
109 silly mapToRegistry registry https://registry.npmjs.org/
110 silly mapToRegistry data Result {
110 silly mapToRegistry   raw: 'make-error-cause',
110 silly mapToRegistry   scope: null,
110 silly mapToRegistry   escapedName: 'make-error-cause',
110 silly mapToRegistry   name: 'make-error-cause',
110 silly mapToRegistry   rawSpec: '',
110 silly mapToRegistry   spec: 'latest',
110 silly mapToRegistry   type: 'tag' }
111 silly mapToRegistry uri https://registry.npmjs.org/make-error-cause
112 verbose addNameRange registry:https://registry.npmjs.org/make-error-cause not in flight; fetching
113 verbose get https://registry.npmjs.org/make-error-cause not expired, no request
114 silly addNameRange number 2 { name: 'make-error-cause',
114 silly addNameRange   range: '>=1.1.1 <2.0.0',
114 silly addNameRange   hasData: true }
115 silly addNameRange versions [ 'make-error-cause',
115 silly addNameRange   [ '1.0.0',
115 silly addNameRange     '1.0.1',
115 silly addNameRange     '1.0.2',
115 silly addNameRange     '1.1.0',
115 silly addNameRange     '1.1.1',
115 silly addNameRange     '1.2.0',
115 silly addNameRange     '1.2.1',
115 silly addNameRange     '1.2.2' ] ]
116 silly addNamed make-error-cause@1.2.2
117 verbose addNamed "1.2.2" is a plain semver version for make-error-cause
118 silly cache afterAdd make-error-cause@1.2.2
119 verbose afterAdd C:\Users\Administrator.PC-20160724FCXS\AppData\Roaming\npm-cache\make-error-cause\1.2.2\package\package.json not in flight; writing
120 verbose correctMkdir C:\Users\Administrator.PC-20160724FCXS\AppData\Roaming\npm-cache correctMkdir not in flight; initializing
121 verbose afterAdd C:\Users\Administrator.PC-20160724FCXS\AppData\Roaming\npm-cache\make-error-cause\1.2.2\package\package.json written
122 http 304 https://registry.npmjs.org/lodash
123 verbose headers { date: 'Tue, 14 Nov 2017 09:42:29 GMT',
123 verbose headers   via: '1.1 varnish',
123 verbose headers   'cache-control': 'max-age=300',
123 verbose headers   etag: 'W/"5a0a9d83-2a414"',
123 verbose headers   age: '202',
123 verbose headers   connection: 'keep-alive',
123 verbose headers   'x-served-by': 'cache-nrt6121-NRT',
123 verbose headers   'x-cache': 'HIT',
123 verbose headers   'x-cache-hits': '10',
123 verbose headers   'x-timer': 'S1510652550.858943,VS0,VE0',
123 verbose headers   vary: 'Accept-Encoding, Accept' }
124 silly get cb [ 304,
124 silly get   { date: 'Tue, 14 Nov 2017 09:42:29 GMT',
124 silly get     via: '1.1 varnish',
124 silly get     'cache-control': 'max-age=300',
124 silly get     etag: 'W/"5a0a9d83-2a414"',
124 silly get     age: '202',
124 silly get     connection: 'keep-alive',
124 silly get     'x-served-by': 'cache-nrt6121-NRT',
124 silly get     'x-cache': 'HIT',
124 silly get     'x-cache-hits': '10',
124 silly get     'x-timer': 'S1510652550.858943,VS0,VE0',
124 silly get     vary: 'Accept-Encoding, Accept' } ]
125 verbose etag https://registry.npmjs.org/lodash from cache
126 verbose get saving lodash to C:\Users\Administrator.PC-20160724FCXS\AppData\Roaming\npm-cache\registry.npmjs.org\lodash\.cache.json
127 verbose correctMkdir C:\Users\Administrator.PC-20160724FCXS\AppData\Roaming\npm-cache correctMkdir not in flight; initializing
128 silly resolveWithNewModule lodash@4.17.4 checking installable status
129 silly cache add args [ 'lodash@^4.13.1', null ]
130 verbose cache add spec lodash@^4.13.1
131 silly cache add parsed spec Result {
131 silly cache add   raw: 'lodash@^4.13.1',
131 silly cache add   scope: null,
131 silly cache add   escapedName: 'lodash',
131 silly cache add   name: 'lodash',
131 silly cache add   rawSpec: '^4.13.1',
131 silly cache add   spec: '>=4.13.1 <5.0.0',
131 silly cache add   type: 'range' }
132 silly addNamed lodash@>=4.13.1 <5.0.0
133 verbose addNamed ">=4.13.1 <5.0.0" is a valid semver range for lodash
134 silly addNameRange { name: 'lodash', range: '>=4.13.1 <5.0.0', hasData: false }
135 silly mapToRegistry name lodash
136 silly mapToRegistry using default registry
137 silly mapToRegistry registry https://registry.npmjs.org/
138 silly mapToRegistry data Result {
138 silly mapToRegistry   raw: 'lodash',
138 silly mapToRegistry   scope: null,
138 silly mapToRegistry   escapedName: 'lodash',
138 silly mapToRegistry   name: 'lodash',
138 silly mapToRegistry   rawSpec: '',
138 silly mapToRegistry   spec: 'latest',
138 silly mapToRegistry   type: 'tag' }
139 silly mapToRegistry uri https://registry.npmjs.org/lodash
140 verbose addNameRange registry:https://registry.npmjs.org/lodash not in flight; fetching
141 verbose get https://registry.npmjs.org/lodash not expired, no request
142 silly addNameRange number 2 { name: 'lodash', range: '>=4.13.1 <5.0.0', hasData: true }
143 silly addNameRange versions [ 'lodash',
143 silly addNameRange   [ '0.1.0',
143 silly addNameRange     '0.2.0',
143 silly addNameRange     '0.2.1',
143 silly addNameRange     '0.2.2',
143 silly addNameRange     '0.3.0',
143 silly addNameRange     '0.3.1',
143 silly addNameRange     '0.3.2',
143 silly addNameRange     '0.4.0',
143 silly addNameRange     '0.4.1',
143 silly addNameRange     '0.4.2',
143 silly addNameRange     '0.5.0-rc.1',
143 silly addNameRange     '0.5.0',
143 silly addNameRange     '0.5.1',
143 silly addNameRange     '0.5.2',
143 silly addNameRange     '0.6.0',
143 silly addNameRange     '0.6.1',
143 silly addNameRange     '0.7.0',
143 silly addNameRange     '0.8.0',
143 silly addNameRange     '0.8.1',
143 silly addNameRange     '0.8.2',
143 silly addNameRange     '0.9.0',
143 silly addNameRange     '0.9.1',
143 silly addNameRange     '0.9.2',
143 silly addNameRange     '0.10.0',
143 silly addNameRange     '1.0.0-rc.1',
143 silly addNameRange     '1.0.0-rc.2',
143 silly addNameRange     '1.0.0-rc.3',
143 silly addNameRange     '1.0.0',
143 silly addNameRange     '1.0.1',
143 silly addNameRange     '1.1.0',
143 silly addNameRange     '1.1.1',
143 silly addNameRange     '1.2.0',
143 silly addNameRange     '1.2.1',
143 silly addNameRange     '1.3.0',
143 silly addNameRange     '1.3.1',
143 silly addNameRange     '2.0.0',
143 silly addNameRange     '2.1.0',
143 silly addNameRange     '2.2.0',
143 silly addNameRange     '2.2.1',
143 silly addNameRange     '2.3.0',
143 silly addNameRange     '2.4.0',
143 silly addNameRange     '2.4.1',
143 silly addNameRange     '3.0.0',
143 silly addNameRange     '3.0.1',
143 silly addNameRange     '3.1.0',
143 silly addNameRange     '3.2.0',
143 silly addNameRange     '3.3.0',
143 silly addNameRange     '3.3.1',
143 silly addNameRange     '3.4.0',
143 silly addNameRange     '3.5.0',
143 silly addNameRange     '3.6.0',
143 silly addNameRange     '1.0.2',
143 silly addNameRange     '3.7.0',
143 silly addNameRange     '2.4.2',
143 silly addNameRange     '3.8.0',
143 silly addNameRange     '3.9.0',
143 silly addNameRange     '3.9.1',
143 silly addNameRange     '3.9.2',
143 silly addNameRange     '3.9.3',
143 silly addNameRange     '3.10.0',
143 silly addNameRange     '3.10.1',
143 silly addNameRange     '4.0.0',
143 silly addNameRange     '4.0.1',
143 silly addNameRange     '4.1.0',
143 silly addNameRange     '4.2.0',
143 silly addNameRange     '4.2.1',
143 silly addNameRange     '4.3.0',
143 silly addNameRange     '4.4.0',
143 silly addNameRange     '4.5.0',
143 silly addNameRange     '4.5.1',
143 silly addNameRange     '4.6.0',
143 silly addNameRange     '4.6.1',
143 silly addNameRange     '4.7.0',
143 silly addNameRange     '4.8.0',
143 silly addNameRange     '4.8.1',
143 silly addNameRange     '4.8.2',
143 silly addNameRange     '4.9.0',
143 silly addNameRange     '4.10.0',
143 silly addNameRange     '4.11.0',
143 silly addNameRange     '4.11.1',
143 silly addNameRange     '4.11.2',
143 silly addNameRange     '4.12.0',
143 silly addNameRange     '4.13.0',
143 silly addNameRange     '4.13.1',
143 silly addNameRange     '4.14.0',
143 silly addNameRange     '4.14.1',
143 silly addNameRange     '4.14.2',
143 silly addNameRange     '4.15.0',
143 silly addNameRange     '4.16.0',
143 silly addNameRange     '4.16.1',
143 silly addNameRange     '4.16.2',
143 silly addNameRange     '4.16.3',
143 silly addNameRange     '4.16.4',
143 silly addNameRange     '4.16.5',
143 silly addNameRange     '4.16.6',
143 silly addNameRange     '4.17.0',
143 silly addNameRange     '4.17.1',
143 silly addNameRange     '4.17.2',
143 silly addNameRange     '4.17.3',
143 silly addNameRange     '4.17.4' ] ]
144 silly addNamed lodash@4.17.4
145 verbose addNamed "4.17.4" is a plain semver version for lodash
146 silly cache afterAdd lodash@4.17.4
147 verbose afterAdd C:\Users\Administrator.PC-20160724FCXS\AppData\Roaming\npm-cache\lodash\4.17.4\package\package.json not in flight; writing
148 verbose correctMkdir C:\Users\Administrator.PC-20160724FCXS\AppData\Roaming\npm-cache correctMkdir not in flight; initializing
149 verbose afterAdd C:\Users\Administrator.PC-20160724FCXS\AppData\Roaming\npm-cache\lodash\4.17.4\package\package.json written
150 http 200 https://registry.npmjs.org/uglify-js
151 verbose headers { server: 'nginx/1.10.1',
151 verbose headers   'content-type': 'application/json',
151 verbose headers   'last-modified': 'Sat, 11 Nov 2017 11:47:19 GMT',
151 verbose headers   etag: 'W/"5a06e347-3be84"',
151 verbose headers   'content-encoding': 'gzip',
151 verbose headers   'cache-control': 'max-age=300',
151 verbose headers   'content-length': '33809',
151 verbose headers   'accept-ranges': 'bytes',
151 verbose headers   date: 'Tue, 14 Nov 2017 09:42:28 GMT',
151 verbose headers   via: '1.1 varnish',
151 verbose headers   age: '150',
151 verbose headers   connection: 'keep-alive',
151 verbose headers   'x-served-by': 'cache-nrt6148-NRT',
151 verbose headers   'x-cache': 'HIT',
151 verbose headers   'x-cache-hits': '2',
151 verbose headers   'x-timer': 'S1510652549.902797,VS0,VE0',
151 verbose headers   vary: 'Accept-Encoding, Accept' }
152 silly get cb [ 200,
152 silly get   { server: 'nginx/1.10.1',
152 silly get     'content-type': 'application/json',
152 silly get     'last-modified': 'Sat, 11 Nov 2017 11:47:19 GMT',
152 silly get     etag: 'W/"5a06e347-3be84"',
152 silly get     'content-encoding': 'gzip',
152 silly get     'cache-control': 'max-age=300',
152 silly get     'content-length': '33809',
152 silly get     'accept-ranges': 'bytes',
152 silly get     date: 'Tue, 14 Nov 2017 09:42:28 GMT',
152 silly get     via: '1.1 varnish',
152 silly get     age: '150',
152 silly get     connection: 'keep-alive',
152 silly get     'x-served-by': 'cache-nrt6148-NRT',
152 silly get     'x-cache': 'HIT',
152 silly get     'x-cache-hits': '2',
152 silly get     'x-timer': 'S1510652549.902797,VS0,VE0',
152 silly get     vary: 'Accept-Encoding, Accept' } ]
153 verbose get saving uglify-js to C:\Users\Administrator.PC-20160724FCXS\AppData\Roaming\npm-cache\registry.npmjs.org\uglify-js\.cache.json
154 verbose correctMkdir C:\Users\Administrator.PC-20160724FCXS\AppData\Roaming\npm-cache correctMkdir not in flight; initializing
155 silly resolveWithNewModule uglify-js@3.1.9 checking installable status
156 silly cache add args [ 'uglify-js@^3.0.5', null ]
157 verbose cache add spec uglify-js@^3.0.5
158 silly cache add parsed spec Result {
158 silly cache add   raw: 'uglify-js@^3.0.5',
158 silly cache add   scope: null,
158 silly cache add   escapedName: 'uglify-js',
158 silly cache add   name: 'uglify-js',
158 silly cache add   rawSpec: '^3.0.5',
158 silly cache add   spec: '>=3.0.5 <4.0.0',
158 silly cache add   type: 'range' }
159 silly addNamed uglify-js@>=3.0.5 <4.0.0
160 verbose addNamed ">=3.0.5 <4.0.0" is a valid semver range for uglify-js
161 silly addNameRange { name: 'uglify-js', range: '>=3.0.5 <4.0.0', hasData: false }
162 silly mapToRegistry name uglify-js
163 silly mapToRegistry using default registry
164 silly mapToRegistry registry https://registry.npmjs.org/
165 silly mapToRegistry data Result {
165 silly mapToRegistry   raw: 'uglify-js',
165 silly mapToRegistry   scope: null,
165 silly mapToRegistry   escapedName: 'uglify-js',
165 silly mapToRegistry   name: 'uglify-js',
165 silly mapToRegistry   rawSpec: '',
165 silly mapToRegistry   spec: 'latest',
165 silly mapToRegistry   type: 'tag' }
166 silly mapToRegistry uri https://registry.npmjs.org/uglify-js
167 verbose addNameRange registry:https://registry.npmjs.org/uglify-js not in flight; fetching
168 verbose get https://registry.npmjs.org/uglify-js not expired, no request
169 silly addNameRange number 2 { name: 'uglify-js', range: '>=3.0.5 <4.0.0', hasData: true }
170 silly addNameRange versions [ 'uglify-js',
170 silly addNameRange   [ '0.0.1',
170 silly addNameRange     '0.0.2',
170 silly addNameRange     '0.0.3',
170 silly addNameRange     '0.0.4',
170 silly addNameRange     '0.0.5',
170 silly addNameRange     '1.0.1',
170 silly addNameRange     '1.0.2',
170 silly addNameRange     '1.0.3',
170 silly addNameRange     '1.0.4',
170 silly addNameRange     '1.0.5',
170 silly addNameRange     '1.0.6',
170 silly addNameRange     '1.0.7',
170 silly addNameRange     '1.1.0',
170 silly addNameRange     '1.1.1',
170 silly addNameRange     '1.2.0',
170 silly addNameRange     '1.2.1',
170 silly addNameRange     '1.2.2',
170 silly addNameRange     '1.2.3',
170 silly addNameRange     '1.2.4',
170 silly addNameRange     '1.2.5',
170 silly addNameRange     '1.2.6',
170 silly addNameRange     '1.3.0',
170 silly addNameRange     '1.3.1',
170 silly addNameRange     '1.3.2',
170 silly addNameRange     '1.3.3',
170 silly addNameRange     '1.3.4',
170 silly addNameRange     '2.2.0',
170 silly addNameRange     '2.2.1',
170 silly addNameRange     '2.2.2',
170 silly addNameRange     '2.2.3',
170 silly addNameRange     '2.2.4',
170 silly addNameRange     '2.2.5',
170 silly addNameRange     '2.3.0',
170 silly addNameRange     '2.3.1',
170 silly addNameRange     '2.3.2',
170 silly addNameRange     '2.3.3',
170 silly addNameRange     '2.3.4',
170 silly addNameRange     '2.3.5',
170 silly addNameRange     '2.3.6',
170 silly addNameRange     '1.3.5',
170 silly addNameRange     '2.4.0',
170 silly addNameRange     '2.4.1',
170 silly addNameRange     '2.4.2',
170 silly addNameRange     '2.4.3',
170 silly addNameRange     '2.4.4',
170 silly addNameRange     '2.4.5',
170 silly addNameRange     '2.4.6',
170 silly addNameRange     '2.4.7',
170 silly addNameRange     '2.4.8',
170 silly addNameRange     '2.4.9',
170 silly addNameRange     '2.4.10',
170 silly addNameRange     '2.4.11',
170 silly addNameRange     '2.4.12',
170 silly addNameRange     '2.4.13',
170 silly addNameRange     '2.4.14',
170 silly addNameRange     '2.4.15',
170 silly addNameRange     '2.4.16',
170 silly addNameRange     '2.4.17',
170 silly addNameRange     '2.4.18',
170 silly addNameRange     '2.4.19',
170 silly addNameRange     '2.4.20',
170 silly addNameRange     '2.4.21',
170 silly addNameRange     '2.4.22',
170 silly addNameRange     '2.4.23',
170 silly addNameRange     '2.4.24',
170 silly addNameRange     '2.5.0',
170 silly addNameRange     '2.6.0',
170 silly addNameRange     '2.6.1',
170 silly addNameRange     '2.6.2',
170 silly addNameRange     '2.6.3',
170 silly addNameRange     '2.6.4',
170 silly addNameRange     '2.7.0',
170 silly addNameRange     '2.7.1',
170 silly addNameRange     '2.7.2',
170 silly addNameRange     '2.7.3',
170 silly addNameRange     '2.7.4',
170 silly addNameRange     '2.7.5',
170 silly addNameRange     '2.8.0',
170 silly addNameRange     '2.8.1',
170 silly addNameRange     '2.8.2',
170 silly addNameRange     '2.8.3',
170 silly addNameRange     '2.8.4',
170 silly addNameRange     '2.8.5',
170 silly addNameRange     '2.8.6',
170 silly addNameRange     '2.8.7',
170 silly addNameRange     '2.8.8',
170 silly addNameRange     '2.8.9',
170 silly addNameRange     '2.8.10',
170 silly addNameRange     '2.8.11',
170 silly addNameRange     '2.8.12',
170 silly addNameRange     '2.8.13',
170 silly addNameRange     '2.8.14',
170 silly addNameRange     '2.8.15',
170 silly addNameRange     '2.8.16',
170 silly addNameRange     '2.8.17',
170 silly addNameRange     '2.8.18',
170 silly addNameRange     '2.8.19',
170 silly addNameRange     '2.8.20',
170 silly addNameRange     '2.8.21',
170 silly addNameRange     '2.8.22',
170 silly addNameRange     ... 45 more items ] ]
171 silly addNamed uglify-js@3.1.9
172 verbose addNamed "3.1.9" is a plain semver version for uglify-js
173 silly mapToRegistry name uglify-js
174 silly mapToRegistry using default registry
175 silly mapToRegistry registry https://registry.npmjs.org/
176 silly mapToRegistry data Result {
176 silly mapToRegistry   raw: 'uglify-js',
176 silly mapToRegistry   scope: null,
176 silly mapToRegistry   escapedName: 'uglify-js',
176 silly mapToRegistry   name: 'uglify-js',
176 silly mapToRegistry   rawSpec: '',
176 silly mapToRegistry   spec: 'latest',
176 silly mapToRegistry   type: 'tag' }
177 silly mapToRegistry uri https://registry.npmjs.org/uglify-js
178 verbose addRemoteTarball https://registry.npmjs.org/uglify-js/-/uglify-js-3.1.9.tgz not in flight; adding
179 verbose addRemoteTarball [ 'https://registry.npmjs.org/uglify-js/-/uglify-js-3.1.9.tgz',
179 verbose addRemoteTarball   'dffca799308cf327ec3ac77eeacb8e196ce3b452' ]
180 info retry fetch attempt 1 at 17:42:30
181 info attempt registry request try #1 at 17:42:30
182 http fetch GET https://registry.npmjs.org/uglify-js/-/uglify-js-3.1.9.tgz
183 http fetch 200 https://registry.npmjs.org/uglify-js/-/uglify-js-3.1.9.tgz
184 info retry will retry, error on last attempt: Error: read ECONNRESET
185 silly fetchAndShaCheck shasum dffca799308cf327ec3ac77eeacb8e196ce3b452
186 silly rollbackFailedOptional Starting
187 silly rollbackFailedOptional Finishing
188 silly runTopLevelLifecycles Finishing
189 silly install printInstalled
190 verbose stack Error: shasum check failed for C:\Users\ADMINI~1.PC-\AppData\Local\Temp\npm-9948-32a60021\registry.npmjs.org\uglify-js\-\uglify-js-3.1.9.tgz
190 verbose stack Expected: dffca799308cf327ec3ac77eeacb8e196ce3b452
190 verbose stack Actual:   4f2dbfdd61a83668caa609e214ee71b8179a72cc
190 verbose stack From:     https://registry.npmjs.org/uglify-js/-/uglify-js-3.1.9.tgz
190 verbose stack     at C:\Program Files\nodejs\node_modules\npm\node_modules\sha\index.js:25:8
190 verbose stack     at ReadStream.<anonymous> (C:\Program Files\nodejs\node_modules\npm\node_modules\sha\index.js:72:7)
190 verbose stack     at emitNone (events.js:91:20)
190 verbose stack     at ReadStream.emit (events.js:185:7)
190 verbose stack     at endReadableNT (_stream_readable.js:974:12)
190 verbose stack     at _combinedTickCallback (internal/process/next_tick.js:74:11)
190 verbose stack     at process._tickCallback (internal/process/next_tick.js:98:9)
191 verbose cwd E:\Mossel or Nothing\Mossel-or-Nothing
192 error Windows_NT 6.1.7601
193 error argv "C:\\Program Files\\nodejs\\node.exe" "C:\\Program Files\\nodejs\\node_modules\\npm\\bin\\npm-cli.js" "install" "--save-dev" "gulp-uglify"
194 error node v6.10.0
195 error npm  v3.10.10
196 error shasum check failed for C:\Users\ADMINI~1.PC-\AppData\Local\Temp\npm-9948-32a60021\registry.npmjs.org\uglify-js\-\uglify-js-3.1.9.tgz
196 error Expected: dffca799308cf327ec3ac77eeacb8e196ce3b452
196 error Actual:   4f2dbfdd61a83668caa609e214ee71b8179a72cc
196 error From:     https://registry.npmjs.org/uglify-js/-/uglify-js-3.1.9.tgz
197 error If you need help, you may report this error at:
197 error     <https://github.com/npm/npm/issues>
198 verbose exit [ 1, true ]
